Log file opened on Mon Aug 13 18:14:46 2018
Host: gavle  pid: 6066  rank ID: 0  number of ranks:  1
                       :-) GROMACS - gmx mdrun, 2018 (-:

                            GROMACS is written by:
     Emile Apol      Rossen Apostolov  Herman J.C. Berendsen    Par Bjelkmar   
 Aldert van Buuren   Rudi van Drunen     Anton Feenstra    Gerrit Groenhof  
 Christoph Junghans   Anca Hamuraru    Vincent Hindriksen Dimitrios Karkoulis
    Peter Kasson        Jiri Kraus      Carsten Kutzner      Per Larsson    
  Justin A. Lemkul    Viveca Lindahl    Magnus Lundborg   Pieter Meulenhoff 
   Erik Marklund      Teemu Murtola       Szilard Pall       Sander Pronk   
   Roland Schulz     Alexey Shvetsov     Michael Shirts     Alfons Sijbers  
   Peter Tieleman    Teemu Virolainen  Christian Wennberg    Maarten Wolf   
                           and the project leaders:
        Mark Abraham, Berk Hess, Erik Lindahl, and David van der Spoel

Copyright (c) 1991-2000, University of Groningen, The Netherlands.
Copyright (c) 2001-2017, The GROMACS development team at
Uppsala University, Stockholm University and
the Royal Institute of Technology, Sweden.
check out http://www.gromacs.org for more information.

GROMACS is free software; you can redistribute it and/or modify it
under the terms of the GNU Lesser General Public License
as published by the Free Software Foundation; either version 2.1
of the License, or (at your option) any later version.

GROMACS:      gmx mdrun, version 2018
Executable:   /usr/local/gromacs/bin/gmx
Data prefix:  /usr/local/gromacs
Working dir:  /home/u5590575/Documents/ndprac/vac
Command line:
  gmx mdrun -v -deffnm equ-l0.10-vac -nt 1

GROMACS version:    2018
Precision:          single
Memory model:       64 bit
MPI library:        thread_mpi
OpenMP support:     enabled (GMX_OPENMP_MAX_THREADS = 64)
GPU support:        CUDA
SIMD instructions:  AVX2_256
FFT library:        fftw-3.3.5-fma-sse2-avx-avx2-avx2_128-avx512
RDTSCP usage:       enabled
TNG support:        enabled
Hwloc support:      disabled
Tracing support:    disabled
Built on:           2018-04-16 06:24:35
Built by:           u5590575@gavle [CMAKE]
Build OS/arch:      Linux 4.4.0-119-generic x86_64
Build CPU vendor:   Intel
Build CPU brand:    Intel(R) Core(TM) i7-8700 CPU @ 3.20GHz
Build CPU family:   6   Model: 158   Stepping: 10
Build CPU features: aes apic avx avx2 clfsh cmov cx8 cx16 f16c fma hle htt intel lahf mmx msr nonstop_tsc pcid pclmuldq pdcm pdpe1gb popcnt pse rdrnd rdtscp rtm sse2 sse3 sse4.1 sse4.2 ssse3 tdt x2apic
C compiler:         /usr/bin/cc GNU 5.4.0
C compiler flags:    -march=core-avx2     -O3 -DNDEBUG -funroll-all-loops -fexcess-precision=fast  
C++ compiler:       /usr/bin/c++ GNU 5.4.0
C++ compiler flags:  -march=core-avx2    -std=c++11   -O3 -DNDEBUG -funroll-all-loops -fexcess-precision=fast  
CUDA compiler:      /usr/local/cuda/bin/nvcc nvcc: NVIDIA (R) Cuda compiler driver;Copyright (c) 2005-2016 NVIDIA Corporation;Built on Tue_Jan_10_13:22:03_CST_2017;Cuda compilation tools, release 8.0, V8.0.61
CUDA compiler flags:-gencode;arch=compute_20,code=sm_20;-gencode;arch=compute_30,code=sm_30;-gencode;arch=compute_35,code=sm_35;-gencode;arch=compute_37,code=sm_37;-gencode;arch=compute_50,code=sm_50;-gencode;arch=compute_52,code=sm_52;-gencode;arch=compute_60,code=sm_60;-gencode;arch=compute_61,code=sm_61;-gencode;arch=compute_60,code=compute_60;-gencode;arch=compute_61,code=compute_61;-use_fast_math;-Wno-deprecated-gpu-targets;-D_FORCE_INLINES;; ;-march=core-avx2;-std=c++11;-O3;-DNDEBUG;-funroll-all-loops;-fexcess-precision=fast;
CUDA driver:        9.10
CUDA runtime:       8.0


Running on 1 node with total 6 cores, 12 logical cores, 1 compatible GPU
Hardware detected:
  CPU info:
    Vendor: Intel
    Brand:  Intel(R) Core(TM) i7-8700 CPU @ 3.20GHz
    Family: 6   Model: 158   Stepping: 10
    Features: aes apic avx avx2 clfsh cmov cx8 cx16 f16c fma hle htt intel lahf mmx msr nonstop_tsc pcid pclmuldq pdcm pdpe1gb popcnt pse rdrnd rdtscp rtm sse2 sse3 sse4.1 sse4.2 ssse3 tdt x2apic
  Hardware topology: Basic
    Sockets, cores, and logical processors:
      Socket  0: [   0   6] [   1   7] [   2   8] [   3   9] [   4  10] [   5  11]
  GPU info:
    Number of GPUs detected: 1
    #0: NVIDIA GeForce GTX 1070, compute cap.: 6.1, ECC:  no, stat: compatible


++++ PLEASE READ AND CITE THE FOLLOWING REFERENCE ++++
M. J. Abraham, T. Murtola, R. Schulz, S. Páll, J. C. Smith, B. Hess, E.
Lindahl
GROMACS: High performance molecular simulations through multi-level
parallelism from laptops to supercomputers
SoftwareX 1 (2015) pp. 19-25
-------- -------- --- Thank You --- -------- --------


++++ PLEASE READ AND CITE THE FOLLOWING REFERENCE ++++
S. Páll, M. J. Abraham, C. Kutzner, B. Hess, E. Lindahl
Tackling Exascale Software Challenges in Molecular Dynamics Simulations with
GROMACS
In S. Markidis & E. Laure (Eds.), Solving Software Challenges for Exascale 8759 (2015) pp. 3-27
-------- -------- --- Thank You --- -------- --------


++++ PLEASE READ AND CITE THE FOLLOWING REFERENCE ++++
S. Pronk, S. Páll, R. Schulz, P. Larsson, P. Bjelkmar, R. Apostolov, M. R.
Shirts, J. C. Smith, P. M. Kasson, D. van der Spoel, B. Hess, and E. Lindahl
GROMACS 4.5: a high-throughput and highly parallel open source molecular
simulation toolkit
Bioinformatics 29 (2013) pp. 845-54
-------- -------- --- Thank You --- -------- --------


++++ PLEASE READ AND CITE THE FOLLOWING REFERENCE ++++
B. Hess and C. Kutzner and D. van der Spoel and E. Lindahl
GROMACS 4: Algorithms for highly efficient, load-balanced, and scalable
molecular simulation
J. Chem. Theory Comput. 4 (2008) pp. 435-447
-------- -------- --- Thank You --- -------- --------


++++ PLEASE READ AND CITE THE FOLLOWING REFERENCE ++++
D. van der Spoel, E. Lindahl, B. Hess, G. Groenhof, A. E. Mark and H. J. C.
Berendsen
GROMACS: Fast, Flexible and Free
J. Comp. Chem. 26 (2005) pp. 1701-1719
-------- -------- --- Thank You --- -------- --------


++++ PLEASE READ AND CITE THE FOLLOWING REFERENCE ++++
E. Lindahl and B. Hess and D. van der Spoel
GROMACS 3.0: A package for molecular simulation and trajectory analysis
J. Mol. Mod. 7 (2001) pp. 306-317
-------- -------- --- Thank You --- -------- --------


++++ PLEASE READ AND CITE THE FOLLOWING REFERENCE ++++
H. J. C. Berendsen, D. van der Spoel and R. van Drunen
GROMACS: A message-passing parallel molecular dynamics implementation
Comp. Phys. Comm. 91 (1995) pp. 43-56
-------- -------- --- Thank You --- -------- --------

NOTE: GPU(s) found, but the current simulation can not use GPUs
      To use a GPU, set the mdp option: cutoff-scheme = Verlet
Input Parameters:
   integrator                     = md
   tinit                          = 0
   dt                             = 0.002
   nsteps                         = 25000
   init-step                      = 0
   simulation-part                = 1
   comm-mode                      = Angular
   nstcomm                        = 50
   bd-fric                        = 0
   ld-seed                        = -183571605
   emtol                          = 10
   emstep                         = 0.01
   niter                          = 20
   fcstep                         = 0
   nstcgsteep                     = 1000
   nbfgscorr                      = 10
   rtpi                           = 0.05
   nstxout                        = 0
   nstvout                        = 0
   nstfout                        = 0
   nstlog                         = 500
   nstcalcenergy                  = 50
   nstenergy                      = 50
   nstxout-compressed             = 1000
   compressed-x-precision         = 1000
   cutoff-scheme                  = Group
   nstlist                        = 0
   ns-type                        = Simple
   pbc                            = no
   periodic-molecules             = false
   verlet-buffer-tolerance        = 0.005
   rlist                          = 1.6
   coulombtype                    = Cut-off
   coulomb-modifier               = Potential-shift
   rcoulomb-switch                = 0
   rcoulomb                       = 1.4
   epsilon-r                      = 1
   epsilon-rf                     = inf
   vdw-type                       = Cut-off
   vdw-modifier                   = Potential-shift
   rvdw-switch                    = 0
   rvdw                           = 1.4
   DispCorr                       = No
   table-extension                = 1
   fourierspacing                 = 0.12
   fourier-nx                     = 0
   fourier-ny                     = 0
   fourier-nz                     = 0
   pme-order                      = 4
   ewald-rtol                     = 1e-05
   ewald-rtol-lj                  = 0.001
   lj-pme-comb-rule               = Geometric
   ewald-geometry                 = 0
   epsilon-surface                = 0
   implicit-solvent               = No
   gb-algorithm                   = Still
   nstgbradii                     = 1
   rgbradii                       = 1
   gb-epsilon-solvent             = 80
   gb-saltconc                    = 0
   gb-obc-alpha                   = 1
   gb-obc-beta                    = 0.8
   gb-obc-gamma                   = 4.85
   gb-dielectric-offset           = 0.009
   sa-algorithm                   = Ace-approximation
   sa-surface-tension             = 2.05016
   tcoupl                         = V-rescale
   nsttcouple                     = 10
   nh-chain-length                = 0
   print-nose-hoover-chain-variables = false
   pcoupl                         = No
   pcoupltype                     = Isotropic
   nstpcouple                     = -1
   tau-p                          = 1
   compressibility (3x3):
      compressibility[    0]={ 0.00000e+00,  0.00000e+00,  0.00000e+00}
      compressibility[    1]={ 0.00000e+00,  0.00000e+00,  0.00000e+00}
      compressibility[    2]={ 0.00000e+00,  0.00000e+00,  0.00000e+00}
   ref-p (3x3):
      ref-p[    0]={ 0.00000e+00,  0.00000e+00,  0.00000e+00}
      ref-p[    1]={ 0.00000e+00,  0.00000e+00,  0.00000e+00}
      ref-p[    2]={ 0.00000e+00,  0.00000e+00,  0.00000e+00}
   refcoord-scaling               = No
   posres-com (3):
      posres-com[0]= 0.00000e+00
      posres-com[1]= 0.00000e+00
      posres-com[2]= 0.00000e+00
   posres-comB (3):
      posres-comB[0]= 0.00000e+00
      posres-comB[1]= 0.00000e+00
      posres-comB[2]= 0.00000e+00
   QMMM                           = false
   QMconstraints                  = 0
   QMMMscheme                     = 0
   MMChargeScaleFactor            = 1
qm-opts:
   ngQM                           = 0
   constraint-algorithm           = Lincs
   continuation                   = false
   Shake-SOR                      = false
   shake-tol                      = 0.0001
   lincs-order                    = 4
   lincs-iter                     = 1
   lincs-warnangle                = 30
   nwall                          = 0
   wall-type                      = 9-3
   wall-r-linpot                  = -1
   wall-atomtype[0]               = -1
   wall-atomtype[1]               = -1
   wall-density[0]                = 0
   wall-density[1]                = 0
   wall-ewald-zfac                = 3
   pull                           = false
   awh                            = false
   rotation                       = false
   interactiveMD                  = false
   disre                          = No
   disre-weighting                = Conservative
   disre-mixed                    = false
   dr-fc                          = 1000
   dr-tau                         = 0
   nstdisreout                    = 100
   orire-fc                       = 0
   orire-tau                      = 0
   nstorireout                    = 100
   free-energy                    = yes
   init-lambda                    = 0.1
   init-lambda-state              = -1
   delta-lambda                   = 0
   nstdhdl                        = 50
   n-lambdas                      = 0
   calc-lambda-neighbors          = 1
   dhdl-print-energy              = no
   sc-alpha                       = 1.51
   sc-power                       = 1
   sc-r-power                     = 6
   sc-sigma                       = 0.3
   sc-sigma-min                   = 0.3
   sc-coul                        = true
   dh-hist-size                   = 0
   dh-hist-spacing                = 0.1
   separate-dhdl-file             = yes
   dhdl-derivatives               = yes
   cos-acceleration               = 0
   deform (3x3):
      deform[    0]={ 0.00000e+00,  0.00000e+00,  0.00000e+00}
      deform[    1]={ 0.00000e+00,  0.00000e+00,  0.00000e+00}
      deform[    2]={ 0.00000e+00,  0.00000e+00,  0.00000e+00}
   simulated-tempering            = false
   swapcoords                     = no
   userint1                       = 0
   userint2                       = 0
   userint3                       = 0
   userint4                       = 0
   userreal1                      = 0
   userreal2                      = 0
   userreal3                      = 0
   userreal4                      = 0
   applied-forces:
     electric-field:
       x:
         E0                       = 0
         omega                    = 0
         t0                       = 0
         sigma                    = 0
       y:
         E0                       = 0
         omega                    = 0
         t0                       = 0
         sigma                    = 0
       z:
         E0                       = 0
         omega                    = 0
         t0                       = 0
         sigma                    = 0
grpopts:
   nrdf:          18
   ref-t:         300
   tau-t:         0.1
annealing:          No
annealing-npoints:           0
   acc:	           0           0           0
   nfreeze:           N           N           N
   energygrp-flags[  0]: 0


Using 1 MPI thread


NOTE: Thread affinity was not set.

NOTE: This file uses the deprecated 'group' cutoff_scheme. This will be
removed in a future release when 'verlet' supports all interaction forms.

System total charge, top. A: 0.000 top. B: 0.000
Potential shift: LJ r^-12: -1.764e-02 r^-6: -1.328e-01, Coulomb -7e-01
Table routines are used for coulomb: false
Table routines are used for vdw:     false
Cut-off's:   NS: 1.6   Coulomb: 1.4   LJ: 1.4

There are 12 atoms and 10 charges for free energy perturbation

Initializing LINear Constraint Solver

++++ PLEASE READ AND CITE THE FOLLOWING REFERENCE ++++
B. Hess and H. Bekker and H. J. C. Berendsen and J. G. E. M. Fraaije
LINCS: A Linear Constraint Solver for molecular simulations
J. Comp. Chem. 18 (1997) pp. 1463-1472
-------- -------- --- Thank You --- -------- --------

The number of constraints is 12

Intra-simulation communication will occur every 10 steps.
Initial vector of lambda components:[     0.1000     0.1000     0.1000     0.1000     0.1000     0.1000     0.1000 ]
Center of mass motion removal mode is Angular
We have the following groups for center of mass motion removal:
  0:  rest

++++ PLEASE READ AND CITE THE FOLLOWING REFERENCE ++++
G. Bussi, D. Donadio and M. Parrinello
Canonical sampling through velocity rescaling
J. Chem. Phys. 126 (2007) pp. 014101
-------- -------- --- Thank You --- -------- --------

There are: 12 Atoms

Constraining the starting coordinates (step 0)

Constraining the coordinates at t0-dt (step 0)
RMS relative constraint deviation after constraining: 1.01e-05
Initial temperature: 326.886 K

Started mdrun on rank 0 Mon Aug 13 18:14:46 2018
           Step           Time
              0        0.00000

Note: The available nonbonded kernels do not support water optimization - disabling.

   Energies (kJ/mol)
       G96Angle  Improper Dih.        LJ (SR)   Coulomb (SR)      Potential
    4.36802e+00    1.22515e+01   -1.12895e+00    4.01264e+00    1.95033e+01
    Kinetic En.   Total Energy  Conserved En.    Temperature Pressure (bar)
    2.27572e+01    4.22604e+01    4.22604e+01    3.04118e+02    0.00000e+00
    dVremain/dl   Constr. rmsd
   -2.37190e+00    7.59914e-06

           Step           Time
            500        1.00000

   Energies (kJ/mol)
       G96Angle  Improper Dih.        LJ (SR)   Coulomb (SR)      Potential
    9.18848e+00    1.09573e+01   -1.11974e+00    3.72470e+00    2.27507e+01
    Kinetic En.   Total Energy  Conserved En.    Temperature Pressure (bar)
    1.99496e+01    4.27003e+01    4.08944e+01    2.66598e+02    0.00000e+00
    dVremain/dl   Constr. rmsd
   -1.96077e+00    1.03115e-05

           Step           Time
           1000        2.00000

   Energies (kJ/mol)
       G96Angle  Improper Dih.        LJ (SR)   Coulomb (SR)      Potential
    2.78470e+00    5.53457e+00   -1.11634e+00    3.99484e+00    1.11978e+01
    Kinetic En.   Total Energy  Conserved En.    Temperature Pressure (bar)
    2.44684e+01    3.56662e+01    4.31831e+01    3.26986e+02    0.00000e+00
    dVremain/dl   Constr. rmsd
   -2.39746e+00    1.34160e-05

           Step           Time
           1500        3.00000

   Energies (kJ/mol)
       G96Angle  Improper Dih.        LJ (SR)   Coulomb (SR)      Potential
    1.69229e+01    6.41737e+00   -1.15113e+00    4.14105e+00    2.63301e+01
    Kinetic En.   Total Energy  Conserved En.    Temperature Pressure (bar)
    2.14600e+01    4.77901e+01    4.48835e+01    2.86782e+02    0.00000e+00
    dVremain/dl   Constr. rmsd
   -2.63265e+00    4.80991e-06

           Step           Time
           2000        4.00000

   Energies (kJ/mol)
       G96Angle  Improper Dih.        LJ (SR)   Coulomb (SR)      Potential
    1.16671e+01    1.25232e+01   -1.16022e+00    4.11084e+00    2.71410e+01
    Kinetic En.   Total Energy  Conserved En.    Temperature Pressure (bar)
    2.83689e+01    5.55099e+01    4.24804e+01    3.79111e+02    0.00000e+00
    dVremain/dl   Constr. rmsd
   -2.56896e+00    1.56485e-05

           Step           Time
           2500        5.00000

   Energies (kJ/mol)
       G96Angle  Improper Dih.        LJ (SR)   Coulomb (SR)      Potential
    8.65707e+00    8.44179e+00   -1.12981e+00    3.90534e+00    1.98744e+01
    Kinetic En.   Total Energy  Conserved En.    Temperature Pressure (bar)
    2.90635e+01    4.89379e+01    4.30747e+01    3.88393e+02    0.00000e+00
    dVremain/dl   Constr. rmsd
   -2.20074e+00    1.26863e-05

           Step           Time
           3000        6.00000

   Energies (kJ/mol)
       G96Angle  Improper Dih.        LJ (SR)   Coulomb (SR)      Potential
    8.91246e+00    9.71921e+00   -1.13023e+00    3.90121e+00    2.14027e+01
    Kinetic En.   Total Energy  Conserved En.    Temperature Pressure (bar)
    1.06606e+01    3.20633e+01    4.46404e+01    1.42464e+02    0.00000e+00
    dVremain/dl   Constr. rmsd
   -2.16999e+00    7.76219e-06

           Step           Time
           3500        7.00000

   Energies (kJ/mol)
       G96Angle  Improper Dih.        LJ (SR)   Coulomb (SR)      Potential
    1.82683e+01    9.61360e+00   -1.13169e+00    3.90732e+00    3.06575e+01
    Kinetic En.   Total Energy  Conserved En.    Temperature Pressure (bar)
    4.05444e+01    7.12019e+01    4.36449e+01    5.41819e+02    0.00000e+00
    dVremain/dl   Constr. rmsd
   -2.18337e+00    2.14281e-05

           Step           Time
           4000        8.00000

   Energies (kJ/mol)
       G96Angle  Improper Dih.        LJ (SR)   Coulomb (SR)      Potential
    3.30110e+00    1.10113e+01   -1.16409e+00    3.93224e+00    1.70806e+01
    Kinetic En.   Total Energy  Conserved En.    Temperature Pressure (bar)
    2.42004e+01    4.12809e+01    4.30154e+01    3.23404e+02    0.00000e+00
    dVremain/dl   Constr. rmsd
   -2.28442e+00    9.07845e-06

           Step           Time
           4500        9.00000

   Energies (kJ/mol)
       G96Angle  Improper Dih.        LJ (SR)   Coulomb (SR)      Potential
    1.59542e+01    7.14973e+00   -1.13566e+00    4.03425e+00    2.60025e+01
    Kinetic En.   Total Energy  Conserved En.    Temperature Pressure (bar)
    2.53728e+01    5.13753e+01    4.52718e+01    3.39072e+02    0.00000e+00
    dVremain/dl   Constr. rmsd
   -2.40537e+00    8.07821e-06

           Step           Time
           5000       10.00000

   Energies (kJ/mol)
       G96Angle  Improper Dih.        LJ (SR)   Coulomb (SR)      Potential
    1.26804e+01    7.54829e+00   -1.15414e+00    3.95788e+00    2.30325e+01
    Kinetic En.   Total Energy  Conserved En.    Temperature Pressure (bar)
    2.46175e+01    4.76500e+01    4.77723e+01    3.28978e+02    0.00000e+00
    dVremain/dl   Constr. rmsd
   -2.34293e+00    9.05265e-06

           Step           Time
           5500       11.00000

   Energies (kJ/mol)
       G96Angle  Improper Dih.        LJ (SR)   Coulomb (SR)      Potential
    6.48553e+00    1.30082e+01   -1.14423e+00    4.04575e+00    2.23952e+01
    Kinetic En.   Total Energy  Conserved En.    Temperature Pressure (bar)
    9.98468e+00    3.23799e+01    4.83679e+01    1.33431e+02    0.00000e+00
    dVremain/dl   Constr. rmsd
   -2.42011e+00    2.40471e-06

           Step           Time
           6000       12.00000

   Energies (kJ/mol)
       G96Angle  Improper Dih.        LJ (SR)   Coulomb (SR)      Potential
    9.03607e+00    1.67053e+01   -1.15520e+00    4.11668e+00    2.87029e+01
    Kinetic En.   Total Energy  Conserved En.    Temperature Pressure (bar)
    1.81644e+01    4.68672e+01    4.75522e+01    2.42741e+02    0.00000e+00
    dVremain/dl   Constr. rmsd
   -2.45868e+00    4.01274e-06

           Step           Time
           6500       13.00000

   Energies (kJ/mol)
       G96Angle  Improper Dih.        LJ (SR)   Coulomb (SR)      Potential
    1.01769e+01    1.08541e+01   -1.11951e+00    3.97579e+00    2.38873e+01
    Kinetic En.   Total Energy  Conserved En.    Temperature Pressure (bar)
    1.79254e+01    4.18127e+01    4.55211e+01    2.39548e+02    0.00000e+00
    dVremain/dl   Constr. rmsd
   -2.28317e+00    1.41760e-05

           Step           Time
           7000       14.00000

   Energies (kJ/mol)
       G96Angle  Improper Dih.        LJ (SR)   Coulomb (SR)      Potential
    7.13853e+00    9.63412e+00   -1.12733e+00    3.99132e+00    1.96366e+01
    Kinetic En.   Total Energy  Conserved En.    Temperature Pressure (bar)
    3.37141e+01    5.33508e+01    4.53858e+01    4.50542e+02    0.00000e+00
    dVremain/dl   Constr. rmsd
   -2.28977e+00    2.21571e-05

           Step           Time
           7500       15.00000

   Energies (kJ/mol)
       G96Angle  Improper Dih.        LJ (SR)   Coulomb (SR)      Potential
    1.35572e+01    1.61437e+01   -1.12822e+00    3.88644e+00    3.24591e+01
    Kinetic En.   Total Energy  Conserved En.    Temperature Pressure (bar)
    2.42283e+01    5.66874e+01    4.85060e+01    3.23778e+02    0.00000e+00
    dVremain/dl   Constr. rmsd
   -2.19987e+00    1.10222e-05

           Step           Time
           8000       16.00000

   Energies (kJ/mol)
       G96Angle  Improper Dih.        LJ (SR)   Coulomb (SR)      Potential
    7.63697e+00    1.19022e+01   -1.13472e+00    4.03542e+00    2.24398e+01
    Kinetic En.   Total Energy  Conserved En.    Temperature Pressure (bar)
    2.43331e+01    4.67729e+01    4.87132e+01    3.25178e+02    0.00000e+00
    dVremain/dl   Constr. rmsd
   -2.43918e+00    9.04624e-06

           Step           Time
           8500       17.00000

   Energies (kJ/mol)
       G96Angle  Improper Dih.        LJ (SR)   Coulomb (SR)      Potential
    1.28164e+01    1.47316e+01   -1.12676e+00    4.02582e+00    3.04470e+01
    Kinetic En.   Total Energy  Conserved En.    Temperature Pressure (bar)
    1.55076e+01    4.59547e+01    5.06330e+01    2.07238e+02    0.00000e+00
    dVremain/dl   Constr. rmsd
   -2.32872e+00    9.78297e-06

           Step           Time
           9000       18.00000

   Energies (kJ/mol)
       G96Angle  Improper Dih.        LJ (SR)   Coulomb (SR)      Potential
    1.40147e+01    9.25377e+00   -1.12261e+00    4.02499e+00    2.61708e+01
    Kinetic En.   Total Energy  Conserved En.    Temperature Pressure (bar)
    1.14069e+01    3.75777e+01    5.22777e+01    1.52437e+02    0.00000e+00
    dVremain/dl   Constr. rmsd
   -2.40804e+00    5.48945e-06

           Step           Time
           9500       19.00000

   Energies (kJ/mol)
       G96Angle  Improper Dih.        LJ (SR)   Coulomb (SR)      Potential
    4.60321e+00    1.01180e+01   -1.12887e+00    4.06337e+00    1.76557e+01
    Kinetic En.   Total Energy  Conserved En.    Temperature Pressure (bar)
    1.36584e+01    3.13141e+01    5.03441e+01    1.82525e+02    0.00000e+00
    dVremain/dl   Constr. rmsd
   -2.46591e+00    4.19455e-06

           Step           Time
          10000       20.00000

   Energies (kJ/mol)
       G96Angle  Improper Dih.        LJ (SR)   Coulomb (SR)      Potential
    7.98238e+00    1.67373e+01   -1.14459e+00    4.28192e+00    2.78570e+01
    Kinetic En.   Total Energy  Conserved En.    Temperature Pressure (bar)
    2.10830e+01    4.89400e+01    4.89687e+01    2.81745e+02    0.00000e+00
    dVremain/dl   Constr. rmsd
   -2.76615e+00    7.57878e-06

           Step           Time
          10500       21.00000

   Energies (kJ/mol)
       G96Angle  Improper Dih.        LJ (SR)   Coulomb (SR)      Potential
    9.74058e+00    7.08895e+00   -1.13295e+00    4.02045e+00    1.97170e+01
    Kinetic En.   Total Energy  Conserved En.    Temperature Pressure (bar)
    1.93891e+01    3.91061e+01    4.89571e+01    2.59108e+02    0.00000e+00
    dVremain/dl   Constr. rmsd
   -2.44371e+00    9.69640e-06

           Step           Time
          11000       22.00000

   Energies (kJ/mol)
       G96Angle  Improper Dih.        LJ (SR)   Coulomb (SR)      Potential
    1.00712e+01    1.16135e+01   -1.13936e+00    4.27006e+00    2.48154e+01
    Kinetic En.   Total Energy  Conserved En.    Temperature Pressure (bar)
    1.07459e+01    3.55613e+01    4.71187e+01    1.43604e+02    0.00000e+00
    dVremain/dl   Constr. rmsd
   -2.72250e+00    2.27437e-06

           Step           Time
          11500       23.00000

   Energies (kJ/mol)
       G96Angle  Improper Dih.        LJ (SR)   Coulomb (SR)      Potential
    1.64229e+01    5.44804e+00   -1.13448e+00    3.99919e+00    2.47357e+01
    Kinetic En.   Total Energy  Conserved En.    Temperature Pressure (bar)
    1.72694e+01    4.20051e+01    4.86972e+01    2.30782e+02    0.00000e+00
    dVremain/dl   Constr. rmsd
   -2.39704e+00    5.78697e-06

           Step           Time
          12000       24.00000

   Energies (kJ/mol)
       G96Angle  Improper Dih.        LJ (SR)   Coulomb (SR)      Potential
    1.73026e+01    7.77193e+00   -1.13702e+00    4.02571e+00    2.79632e+01
    Kinetic En.   Total Energy  Conserved En.    Temperature Pressure (bar)
    2.26798e+01    5.06430e+01    4.80161e+01    3.03084e+02    0.00000e+00
    dVremain/dl   Constr. rmsd
   -2.40025e+00    6.46713e-06

           Step           Time
          12500       25.00000

   Energies (kJ/mol)
       G96Angle  Improper Dih.        LJ (SR)   Coulomb (SR)      Potential
    1.96122e+01    6.93558e+00   -1.12045e+00    3.95578e+00    2.93831e+01
    Kinetic En.   Total Energy  Conserved En.    Temperature Pressure (bar)
    1.03795e+01    3.97626e+01    4.89957e+01    1.38707e+02    0.00000e+00
    dVremain/dl   Constr. rmsd
   -2.31137e+00    5.54345e-06

           Step           Time
          13000       26.00000

   Energies (kJ/mol)
       G96Angle  Improper Dih.        LJ (SR)   Coulomb (SR)      Potential
    1.53308e+01    4.30537e+00   -1.12662e+00    3.75823e+00    2.22677e+01
    Kinetic En.   Total Energy  Conserved En.    Temperature Pressure (bar)
    2.63501e+01    4.86178e+01    4.88039e+01    3.52132e+02    0.00000e+00
    dVremain/dl   Constr. rmsd
   -2.03861e+00    1.16975e-05

           Step           Time
          13500       27.00000

   Energies (kJ/mol)
       G96Angle  Improper Dih.        LJ (SR)   Coulomb (SR)      Potential
    9.62613e+00    6.72730e+00   -1.11828e+00    3.99902e+00    1.92342e+01
    Kinetic En.   Total Energy  Conserved En.    Temperature Pressure (bar)
    1.54404e+01    3.46746e+01    4.76068e+01    2.06340e+02    0.00000e+00
    dVremain/dl   Constr. rmsd
   -2.37828e+00    7.12061e-06

           Step           Time
          14000       28.00000

   Energies (kJ/mol)
       G96Angle  Improper Dih.        LJ (SR)   Coulomb (SR)      Potential
    1.38398e+01    2.94222e+00   -1.10718e+00    3.88252e+00    1.95574e+01
    Kinetic En.   Total Energy  Conserved En.    Temperature Pressure (bar)
    3.49230e+01    5.44804e+01    4.99774e+01    4.66697e+02    0.00000e+00
    dVremain/dl   Constr. rmsd
   -2.21655e+00    2.59486e-05

           Step           Time
          14500       29.00000

   Energies (kJ/mol)
       G96Angle  Improper Dih.        LJ (SR)   Coulomb (SR)      Potential
    1.17961e+01    4.61526e+00   -1.11234e+00    4.04715e+00    1.93462e+01
    Kinetic En.   Total Energy  Conserved En.    Temperature Pressure (bar)
    2.08097e+01    4.01559e+01    5.10468e+01    2.78093e+02    0.00000e+00
    dVremain/dl   Constr. rmsd
   -2.45821e+00    1.54104e-05

           Step           Time
          15000       30.00000

   Energies (kJ/mol)
       G96Angle  Improper Dih.        LJ (SR)   Coulomb (SR)      Potential
    1.79214e+01    5.52429e+00   -1.10463e+00    4.00066e+00    2.63417e+01
    Kinetic En.   Total Energy  Conserved En.    Temperature Pressure (bar)
    2.17536e+01    4.80953e+01    5.31607e+01    2.90707e+02    0.00000e+00
    dVremain/dl   Constr. rmsd
   -2.36512e+00    1.42028e-05

           Step           Time
          15500       31.00000

   Energies (kJ/mol)
       G96Angle  Improper Dih.        LJ (SR)   Coulomb (SR)      Potential
    9.23467e+00    8.96826e+00   -1.12629e+00    3.96063e+00    2.10373e+01
    Kinetic En.   Total Energy  Conserved En.    Temperature Pressure (bar)
    1.15768e+01    3.26140e+01    5.49409e+01    1.54707e+02    0.00000e+00
    dVremain/dl   Constr. rmsd
   -2.30782e+00    5.32831e-06

           Step           Time
          16000       32.00000

   Energies (kJ/mol)
       G96Angle  Improper Dih.        LJ (SR)   Coulomb (SR)      Potential
    1.27120e+01    1.18506e+01   -1.10957e+00    4.02811e+00    2.74812e+01
    Kinetic En.   Total Energy  Conserved En.    Temperature Pressure (bar)
    2.92741e+01    5.67553e+01    5.59552e+01    3.91207e+02    0.00000e+00
    dVremain/dl   Constr. rmsd
   -2.36911e+00    1.91319e-05

           Step           Time
          16500       33.00000

   Energies (kJ/mol)
       G96Angle  Improper Dih.        LJ (SR)   Coulomb (SR)      Potential
    8.97690e+00    6.28165e+00   -1.12520e+00    3.90892e+00    1.80423e+01
    Kinetic En.   Total Energy  Conserved En.    Temperature Pressure (bar)
    1.75678e+01    3.56100e+01    5.57096e+01    2.34768e+02    0.00000e+00
    dVremain/dl   Constr. rmsd
   -2.26020e+00    8.25849e-06

           Step           Time
          17000       34.00000

   Energies (kJ/mol)
       G96Angle  Improper Dih.        LJ (SR)   Coulomb (SR)      Potential
    1.09781e+01    1.35976e+01   -1.14359e+00    3.91147e+00    2.73435e+01
    Kinetic En.   Total Energy  Conserved En.    Temperature Pressure (bar)
    2.07428e+01    4.80863e+01    5.53734e+01    2.77199e+02    0.00000e+00
    dVremain/dl   Constr. rmsd
   -2.27815e+00    2.23921e-06

           Step           Time
          17500       35.00000

   Energies (kJ/mol)
       G96Angle  Improper Dih.        LJ (SR)   Coulomb (SR)      Potential
    1.49841e+01    8.71611e+00   -1.13366e+00    3.97741e+00    2.65440e+01
    Kinetic En.   Total Energy  Conserved En.    Temperature Pressure (bar)
    1.78500e+01    4.43941e+01    5.55949e+01    2.38541e+02    0.00000e+00
    dVremain/dl   Constr. rmsd
   -2.34587e+00    7.87985e-06

           Step           Time
          18000       36.00000

   Energies (kJ/mol)
       G96Angle  Improper Dih.        LJ (SR)   Coulomb (SR)      Potential
    5.69787e+00    1.05245e+01   -1.14119e+00    4.09502e+00    1.91762e+01
    Kinetic En.   Total Energy  Conserved En.    Temperature Pressure (bar)
    2.51696e+01    4.43458e+01    5.51057e+01    3.36357e+02    0.00000e+00
    dVremain/dl   Constr. rmsd
   -2.53404e+00    6.65191e-06

           Step           Time
          18500       37.00000

   Energies (kJ/mol)
       G96Angle  Improper Dih.        LJ (SR)   Coulomb (SR)      Potential
    8.94596e+00    8.38094e+00   -1.13981e+00    4.11846e+00    2.03055e+01
    Kinetic En.   Total Energy  Conserved En.    Temperature Pressure (bar)
    2.39643e+01    4.42699e+01    5.48499e+01    3.20249e+02    0.00000e+00
    dVremain/dl   Constr. rmsd
   -2.59032e+00    1.20629e-05

           Step           Time
          19000       38.00000

   Energies (kJ/mol)
       G96Angle  Improper Dih.        LJ (SR)   Coulomb (SR)      Potential
    8.06253e+00    1.53628e+01   -1.14262e+00    4.13353e+00    2.64162e+01
    Kinetic En.   Total Energy  Conserved En.    Temperature Pressure (bar)
    2.86348e+01    5.50510e+01    5.45333e+01    3.82664e+02    0.00000e+00
    dVremain/dl   Constr. rmsd
   -2.47735e+00    1.40953e-05

           Step           Time
          19500       39.00000

   Energies (kJ/mol)
       G96Angle  Improper Dih.        LJ (SR)   Coulomb (SR)      Potential
    1.09234e+01    1.52050e+01   -1.14025e+00    4.19314e+00    2.91813e+01
    Kinetic En.   Total Energy  Conserved En.    Temperature Pressure (bar)
    2.22680e+01    5.14493e+01    5.64885e+01    2.97581e+02    0.00000e+00
    dVremain/dl   Constr. rmsd
   -2.57876e+00    1.05319e-05

           Step           Time
          20000       40.00000

   Energies (kJ/mol)
       G96Angle  Improper Dih.        LJ (SR)   Coulomb (SR)      Potential
    6.06073e+00    1.03930e+01   -1.14208e+00    3.99964e+00    1.93113e+01
    Kinetic En.   Total Energy  Conserved En.    Temperature Pressure (bar)
    9.93876e+00    2.92500e+01    5.69016e+01    1.32818e+02    0.00000e+00
    dVremain/dl   Constr. rmsd
   -2.31862e+00    2.39187e-06

           Step           Time
          20500       41.00000

   Energies (kJ/mol)
       G96Angle  Improper Dih.        LJ (SR)   Coulomb (SR)      Potential
    1.13466e+01    1.78898e+01   -1.15296e+00    4.20451e+00    3.22879e+01
    Kinetic En.   Total Energy  Conserved En.    Temperature Pressure (bar)
    2.01686e+01    5.24565e+01    5.90173e+01    2.69526e+02    0.00000e+00
    dVremain/dl   Constr. rmsd
   -2.61882e+00    5.34806e-06

           Step           Time
          21000       42.00000

   Energies (kJ/mol)
       G96Angle  Improper Dih.        LJ (SR)   Coulomb (SR)      Potential
    9.40761e+00    1.14469e+01   -1.14953e+00    4.07809e+00    2.37831e+01
    Kinetic En.   Total Energy  Conserved En.    Temperature Pressure (bar)
    2.34543e+01    4.72374e+01    5.87093e+01    3.13434e+02    0.00000e+00
    dVremain/dl   Constr. rmsd
   -2.43621e+00    9.47708e-06

           Step           Time
          21500       43.00000

   Energies (kJ/mol)
       G96Angle  Improper Dih.        LJ (SR)   Coulomb (SR)      Potential
    6.22105e+00    4.20452e+00   -1.11707e+00    4.00750e+00    1.33160e+01
    Kinetic En.   Total Energy  Conserved En.    Temperature Pressure (bar)
    1.42901e+01    2.76061e+01    6.01750e+01    1.90967e+02    0.00000e+00
    dVremain/dl   Constr. rmsd
   -2.41221e+00    9.91093e-06

           Step           Time
          22000       44.00000

   Energies (kJ/mol)
       G96Angle  Improper Dih.        LJ (SR)   Coulomb (SR)      Potential
    2.00912e+01    2.23736e+01   -1.13965e+00    3.87644e+00    4.52016e+01
    Kinetic En.   Total Energy  Conserved En.    Temperature Pressure (bar)
    1.87275e+01    6.39292e+01    6.29196e+01    2.50267e+02    0.00000e+00
    dVremain/dl   Constr. rmsd
   -2.09109e+00    5.75229e-06

           Step           Time
          22500       45.00000

   Energies (kJ/mol)
       G96Angle  Improper Dih.        LJ (SR)   Coulomb (SR)      Potential
    1.41900e+01    7.97825e+00   -1.14003e+00    4.12310e+00    2.51514e+01
    Kinetic En.   Total Energy  Conserved En.    Temperature Pressure (bar)
    2.53027e+01    5.04540e+01    6.20700e+01    3.38135e+02    0.00000e+00
    dVremain/dl   Constr. rmsd
   -2.53034e+00    1.38926e-05

           Step           Time
          23000       46.00000

   Energies (kJ/mol)
       G96Angle  Improper Dih.        LJ (SR)   Coulomb (SR)      Potential
    5.77935e+00    1.50585e+01   -1.13956e+00    3.92925e+00    2.36276e+01
    Kinetic En.   Total Energy  Conserved En.    Temperature Pressure (bar)
    1.63044e+01    3.99319e+01    6.29075e+01    2.17885e+02    0.00000e+00
    dVremain/dl   Constr. rmsd
   -2.28608e+00    3.64223e-06

           Step           Time
          23500       47.00000

   Energies (kJ/mol)
       G96Angle  Improper Dih.        LJ (SR)   Coulomb (SR)      Potential
    1.20417e+01    9.30691e+00   -1.11156e+00    3.97096e+00    2.42080e+01
    Kinetic En.   Total Energy  Conserved En.    Temperature Pressure (bar)
    2.47077e+01    4.89158e+01    6.27336e+01    3.30184e+02    0.00000e+00
    dVremain/dl   Constr. rmsd
   -2.31632e+00    1.33790e-05

           Step           Time
          24000       48.00000

   Energies (kJ/mol)
       G96Angle  Improper Dih.        LJ (SR)   Coulomb (SR)      Potential
    1.75902e+01    1.51194e+01   -1.13978e+00    4.05888e+00    3.56287e+01
    Kinetic En.   Total Energy  Conserved En.    Temperature Pressure (bar)
    2.37563e+01    5.93850e+01    6.15862e+01    3.17469e+02    0.00000e+00
    dVremain/dl   Constr. rmsd
   -2.40595e+00    1.34694e-05

           Step           Time
          24500       49.00000

   Energies (kJ/mol)
       G96Angle  Improper Dih.        LJ (SR)   Coulomb (SR)      Potential
    1.23361e+01    1.25526e+01   -1.13686e+00    4.04734e+00    2.77992e+01
    Kinetic En.   Total Energy  Conserved En.    Temperature Pressure (bar)
    1.77699e+01    4.55691e+01    6.20503e+01    2.37470e+02    0.00000e+00
    dVremain/dl   Constr. rmsd
   -2.49924e+00    4.85354e-06

           Step           Time
          25000       50.00000

Writing checkpoint, step 25000 at Mon Aug 13 18:14:47 2018


   Energies (kJ/mol)
       G96Angle  Improper Dih.        LJ (SR)   Coulomb (SR)      Potential
    1.00225e+01    1.24339e+01   -1.13170e+00    4.17366e+00    2.54984e+01
    Kinetic En.   Total Energy  Conserved En.    Temperature Pressure (bar)
    2.72500e+01    5.27484e+01    6.18338e+01    3.64158e+02    0.00000e+00
    dVremain/dl   Constr. rmsd
   -2.59159e+00    1.47126e-05

	<======  ###############  ==>
	<====  A V E R A G E S  ====>
	<==  ###############  ======>

	Statistics over 25001 steps using 501 frames

   Energies (kJ/mol)
       G96Angle  Improper Dih.        LJ (SR)   Coulomb (SR)      Potential
    1.19880e+01    1.00318e+01   -1.13366e+00    4.03491e+00    2.49211e+01
    Kinetic En.   Total Energy  Conserved En.    Temperature Pressure (bar)
    2.25590e+01    4.74801e+01    5.15315e+01    3.01470e+02    0.00000e+00
    dVremain/dl   Constr. rmsd
   -2.41332e+00    0.00000e+00

   Total Virial (kJ/mol)
    6.45022e+00    1.52866e+00   -1.92370e+00
    1.52868e+00    1.04204e+01    1.13041e+00
   -1.92369e+00    1.13041e+00    6.40108e+00

   Pressure (bar)
    0.00000e+00    0.00000e+00    0.00000e+00
    0.00000e+00    0.00000e+00    0.00000e+00
    0.00000e+00    0.00000e+00    0.00000e+00


	M E G A - F L O P S   A C C O U N T I N G

 NB=Group-cutoff nonbonded kernels    NxN=N-by-N cluster Verlet kernels
 RF=Reaction-Field  VdW=Van der Waals  QSTab=quadratic-spline table
 W3=SPC/TIP3p  W4=TIP4p (single or pairs)
 V&F=Potential and force  V=Potential only  F=Force only

 Computing:                               M-Number         M-Flops  % Flops
-----------------------------------------------------------------------------
 NB Free energy kernel                   59.552382          59.552    24.4
 NS-Pairs                                 0.000021           0.000     0.0
 CG-CoM                                   0.000012           0.000     0.0
 Angles                                   0.450018          75.603    30.9
 Impropers                                0.300012          62.402    25.5
 Virial                                   0.028557           0.514     0.2
 Stop-CM                                  0.006024           0.060     0.0
 Calc-Ekin                                0.060024           1.621     0.7
 Lincs                                    0.300036          18.002     7.4
 Lincs-Mat                                5.400648          21.603     8.8
 Constraint-V                             0.600048           4.800     2.0
 Constraint-Vir                           0.006012           0.144     0.1
-----------------------------------------------------------------------------
 Total                                                     244.303   100.0
-----------------------------------------------------------------------------


     R E A L   C Y C L E   A N D   T I M E   A C C O U N T I N G

On 1 MPI rank

 Computing:          Num   Num      Call    Wall time         Giga-Cycles
                     Ranks Threads  Count      (s)         total sum    %
-----------------------------------------------------------------------------
 Neighbor search        1    1          1       0.000          0.000   0.0
 Force                  1    1      25001       0.157          0.500  51.1
 Write traj.            1    1         26       0.020          0.063   6.5
 Update                 1    1      25001       0.024          0.075   7.7
 Constraints            1    1      25001       0.031          0.100  10.2
 Rest                                           0.075          0.240  24.5
-----------------------------------------------------------------------------
 Total                                          0.306          0.978 100.0
-----------------------------------------------------------------------------

               Core t (s)   Wall t (s)        (%)
       Time:        0.306        0.306      100.0
                 (ns/day)    (hour/ns)
Performance:    14105.606        0.002
Finished mdrun on rank 0 Mon Aug 13 18:14:47 2018
