Log file opened on Mon Aug 13 18:14:32 2018
Host: gavle  pid: 6001  rank ID: 0  number of ranks:  1
                       :-) GROMACS - gmx mdrun, 2018 (-:

                            GROMACS is written by:
     Emile Apol      Rossen Apostolov  Herman J.C. Berendsen    Par Bjelkmar   
 Aldert van Buuren   Rudi van Drunen     Anton Feenstra    Gerrit Groenhof  
 Christoph Junghans   Anca Hamuraru    Vincent Hindriksen Dimitrios Karkoulis
    Peter Kasson        Jiri Kraus      Carsten Kutzner      Per Larsson    
  Justin A. Lemkul    Viveca Lindahl    Magnus Lundborg   Pieter Meulenhoff 
   Erik Marklund      Teemu Murtola       Szilard Pall       Sander Pronk   
   Roland Schulz     Alexey Shvetsov     Michael Shirts     Alfons Sijbers  
   Peter Tieleman    Teemu Virolainen  Christian Wennberg    Maarten Wolf   
                           and the project leaders:
        Mark Abraham, Berk Hess, Erik Lindahl, and David van der Spoel

Copyright (c) 1991-2000, University of Groningen, The Netherlands.
Copyright (c) 2001-2017, The GROMACS development team at
Uppsala University, Stockholm University and
the Royal Institute of Technology, Sweden.
check out http://www.gromacs.org for more information.

GROMACS is free software; you can redistribute it and/or modify it
under the terms of the GNU Lesser General Public License
as published by the Free Software Foundation; either version 2.1
of the License, or (at your option) any later version.

GROMACS:      gmx mdrun, version 2018
Executable:   /usr/local/gromacs/bin/gmx
Data prefix:  /usr/local/gromacs
Working dir:  /home/u5590575/Documents/ndprac/vac
Command line:
  gmx mdrun -v -deffnm equilibration-vac

GROMACS version:    2018
Precision:          single
Memory model:       64 bit
MPI library:        thread_mpi
OpenMP support:     enabled (GMX_OPENMP_MAX_THREADS = 64)
GPU support:        CUDA
SIMD instructions:  AVX2_256
FFT library:        fftw-3.3.5-fma-sse2-avx-avx2-avx2_128-avx512
RDTSCP usage:       enabled
TNG support:        enabled
Hwloc support:      disabled
Tracing support:    disabled
Built on:           2018-04-16 06:24:35
Built by:           u5590575@gavle [CMAKE]
Build OS/arch:      Linux 4.4.0-119-generic x86_64
Build CPU vendor:   Intel
Build CPU brand:    Intel(R) Core(TM) i7-8700 CPU @ 3.20GHz
Build CPU family:   6   Model: 158   Stepping: 10
Build CPU features: aes apic avx avx2 clfsh cmov cx8 cx16 f16c fma hle htt intel lahf mmx msr nonstop_tsc pcid pclmuldq pdcm pdpe1gb popcnt pse rdrnd rdtscp rtm sse2 sse3 sse4.1 sse4.2 ssse3 tdt x2apic
C compiler:         /usr/bin/cc GNU 5.4.0
C compiler flags:    -march=core-avx2     -O3 -DNDEBUG -funroll-all-loops -fexcess-precision=fast  
C++ compiler:       /usr/bin/c++ GNU 5.4.0
C++ compiler flags:  -march=core-avx2    -std=c++11   -O3 -DNDEBUG -funroll-all-loops -fexcess-precision=fast  
CUDA compiler:      /usr/local/cuda/bin/nvcc nvcc: NVIDIA (R) Cuda compiler driver;Copyright (c) 2005-2016 NVIDIA Corporation;Built on Tue_Jan_10_13:22:03_CST_2017;Cuda compilation tools, release 8.0, V8.0.61
CUDA compiler flags:-gencode;arch=compute_20,code=sm_20;-gencode;arch=compute_30,code=sm_30;-gencode;arch=compute_35,code=sm_35;-gencode;arch=compute_37,code=sm_37;-gencode;arch=compute_50,code=sm_50;-gencode;arch=compute_52,code=sm_52;-gencode;arch=compute_60,code=sm_60;-gencode;arch=compute_61,code=sm_61;-gencode;arch=compute_60,code=compute_60;-gencode;arch=compute_61,code=compute_61;-use_fast_math;-Wno-deprecated-gpu-targets;-D_FORCE_INLINES;; ;-march=core-avx2;-std=c++11;-O3;-DNDEBUG;-funroll-all-loops;-fexcess-precision=fast;
CUDA driver:        9.10
CUDA runtime:       8.0


Running on 1 node with total 6 cores, 12 logical cores, 1 compatible GPU
Hardware detected:
  CPU info:
    Vendor: Intel
    Brand:  Intel(R) Core(TM) i7-8700 CPU @ 3.20GHz
    Family: 6   Model: 158   Stepping: 10
    Features: aes apic avx avx2 clfsh cmov cx8 cx16 f16c fma hle htt intel lahf mmx msr nonstop_tsc pcid pclmuldq pdcm pdpe1gb popcnt pse rdrnd rdtscp rtm sse2 sse3 sse4.1 sse4.2 ssse3 tdt x2apic
  Hardware topology: Basic
    Sockets, cores, and logical processors:
      Socket  0: [   0   6] [   1   7] [   2   8] [   3   9] [   4  10] [   5  11]
  GPU info:
    Number of GPUs detected: 1
    #0: NVIDIA GeForce GTX 1070, compute cap.: 6.1, ECC:  no, stat: compatible


++++ PLEASE READ AND CITE THE FOLLOWING REFERENCE ++++
M. J. Abraham, T. Murtola, R. Schulz, S. Páll, J. C. Smith, B. Hess, E.
Lindahl
GROMACS: High performance molecular simulations through multi-level
parallelism from laptops to supercomputers
SoftwareX 1 (2015) pp. 19-25
-------- -------- --- Thank You --- -------- --------


++++ PLEASE READ AND CITE THE FOLLOWING REFERENCE ++++
S. Páll, M. J. Abraham, C. Kutzner, B. Hess, E. Lindahl
Tackling Exascale Software Challenges in Molecular Dynamics Simulations with
GROMACS
In S. Markidis & E. Laure (Eds.), Solving Software Challenges for Exascale 8759 (2015) pp. 3-27
-------- -------- --- Thank You --- -------- --------


++++ PLEASE READ AND CITE THE FOLLOWING REFERENCE ++++
S. Pronk, S. Páll, R. Schulz, P. Larsson, P. Bjelkmar, R. Apostolov, M. R.
Shirts, J. C. Smith, P. M. Kasson, D. van der Spoel, B. Hess, and E. Lindahl
GROMACS 4.5: a high-throughput and highly parallel open source molecular
simulation toolkit
Bioinformatics 29 (2013) pp. 845-54
-------- -------- --- Thank You --- -------- --------


++++ PLEASE READ AND CITE THE FOLLOWING REFERENCE ++++
B. Hess and C. Kutzner and D. van der Spoel and E. Lindahl
GROMACS 4: Algorithms for highly efficient, load-balanced, and scalable
molecular simulation
J. Chem. Theory Comput. 4 (2008) pp. 435-447
-------- -------- --- Thank You --- -------- --------


++++ PLEASE READ AND CITE THE FOLLOWING REFERENCE ++++
D. van der Spoel, E. Lindahl, B. Hess, G. Groenhof, A. E. Mark and H. J. C.
Berendsen
GROMACS: Fast, Flexible and Free
J. Comp. Chem. 26 (2005) pp. 1701-1719
-------- -------- --- Thank You --- -------- --------


++++ PLEASE READ AND CITE THE FOLLOWING REFERENCE ++++
E. Lindahl and B. Hess and D. van der Spoel
GROMACS 3.0: A package for molecular simulation and trajectory analysis
J. Mol. Mod. 7 (2001) pp. 306-317
-------- -------- --- Thank You --- -------- --------


++++ PLEASE READ AND CITE THE FOLLOWING REFERENCE ++++
H. J. C. Berendsen, D. van der Spoel and R. van Drunen
GROMACS: A message-passing parallel molecular dynamics implementation
Comp. Phys. Comm. 91 (1995) pp. 43-56
-------- -------- --- Thank You --- -------- --------

NOTE: GPU(s) found, but the current simulation can not use GPUs
      To use a GPU, set the mdp option: cutoff-scheme = Verlet
Input Parameters:
   integrator                     = md
   tinit                          = 0
   dt                             = 0.002
   nsteps                         = 100000
   init-step                      = 0
   simulation-part                = 1
   comm-mode                      = Angular
   nstcomm                        = 50
   bd-fric                        = 0
   ld-seed                        = -484428996
   emtol                          = 10
   emstep                         = 0.01
   niter                          = 20
   fcstep                         = 0
   nstcgsteep                     = 1000
   nbfgscorr                      = 10
   rtpi                           = 0.05
   nstxout                        = 0
   nstvout                        = 0
   nstfout                        = 0
   nstlog                         = 10000
   nstcalcenergy                  = 50
   nstenergy                      = 50
   nstxout-compressed             = 10000
   compressed-x-precision         = 1000
   cutoff-scheme                  = Group
   nstlist                        = 0
   ns-type                        = Simple
   pbc                            = no
   periodic-molecules             = false
   verlet-buffer-tolerance        = 0.005
   rlist                          = 1.6
   coulombtype                    = Cut-off
   coulomb-modifier               = Potential-shift
   rcoulomb-switch                = 0
   rcoulomb                       = 1.4
   epsilon-r                      = 1
   epsilon-rf                     = inf
   vdw-type                       = Cut-off
   vdw-modifier                   = Potential-shift
   rvdw-switch                    = 0
   rvdw                           = 1.4
   DispCorr                       = No
   table-extension                = 1
   fourierspacing                 = 0.12
   fourier-nx                     = 0
   fourier-ny                     = 0
   fourier-nz                     = 0
   pme-order                      = 4
   ewald-rtol                     = 1e-05
   ewald-rtol-lj                  = 0.001
   lj-pme-comb-rule               = Geometric
   ewald-geometry                 = 0
   epsilon-surface                = 0
   implicit-solvent               = No
   gb-algorithm                   = Still
   nstgbradii                     = 1
   rgbradii                       = 1
   gb-epsilon-solvent             = 80
   gb-saltconc                    = 0
   gb-obc-alpha                   = 1
   gb-obc-beta                    = 0.8
   gb-obc-gamma                   = 4.85
   gb-dielectric-offset           = 0.009
   sa-algorithm                   = Ace-approximation
   sa-surface-tension             = 2.05016
   tcoupl                         = V-rescale
   nsttcouple                     = 10
   nh-chain-length                = 0
   print-nose-hoover-chain-variables = false
   pcoupl                         = No
   pcoupltype                     = Isotropic
   nstpcouple                     = -1
   tau-p                          = 1
   compressibility (3x3):
      compressibility[    0]={ 0.00000e+00,  0.00000e+00,  0.00000e+00}
      compressibility[    1]={ 0.00000e+00,  0.00000e+00,  0.00000e+00}
      compressibility[    2]={ 0.00000e+00,  0.00000e+00,  0.00000e+00}
   ref-p (3x3):
      ref-p[    0]={ 0.00000e+00,  0.00000e+00,  0.00000e+00}
      ref-p[    1]={ 0.00000e+00,  0.00000e+00,  0.00000e+00}
      ref-p[    2]={ 0.00000e+00,  0.00000e+00,  0.00000e+00}
   refcoord-scaling               = No
   posres-com (3):
      posres-com[0]= 0.00000e+00
      posres-com[1]= 0.00000e+00
      posres-com[2]= 0.00000e+00
   posres-comB (3):
      posres-comB[0]= 0.00000e+00
      posres-comB[1]= 0.00000e+00
      posres-comB[2]= 0.00000e+00
   QMMM                           = false
   QMconstraints                  = 0
   QMMMscheme                     = 0
   MMChargeScaleFactor            = 1
qm-opts:
   ngQM                           = 0
   constraint-algorithm           = Lincs
   continuation                   = false
   Shake-SOR                      = false
   shake-tol                      = 0.0001
   lincs-order                    = 4
   lincs-iter                     = 1
   lincs-warnangle                = 30
   nwall                          = 0
   wall-type                      = 9-3
   wall-r-linpot                  = -1
   wall-atomtype[0]               = -1
   wall-atomtype[1]               = -1
   wall-density[0]                = 0
   wall-density[1]                = 0
   wall-ewald-zfac                = 3
   pull                           = false
   awh                            = false
   rotation                       = false
   interactiveMD                  = false
   disre                          = No
   disre-weighting                = Conservative
   disre-mixed                    = false
   dr-fc                          = 1000
   dr-tau                         = 0
   nstdisreout                    = 100
   orire-fc                       = 0
   orire-tau                      = 0
   nstorireout                    = 100
   free-energy                    = no
   cos-acceleration               = 0
   deform (3x3):
      deform[    0]={ 0.00000e+00,  0.00000e+00,  0.00000e+00}
      deform[    1]={ 0.00000e+00,  0.00000e+00,  0.00000e+00}
      deform[    2]={ 0.00000e+00,  0.00000e+00,  0.00000e+00}
   simulated-tempering            = false
   swapcoords                     = no
   userint1                       = 0
   userint2                       = 0
   userint3                       = 0
   userint4                       = 0
   userreal1                      = 0
   userreal2                      = 0
   userreal3                      = 0
   userreal4                      = 0
   applied-forces:
     electric-field:
       x:
         E0                       = 0
         omega                    = 0
         t0                       = 0
         sigma                    = 0
       y:
         E0                       = 0
         omega                    = 0
         t0                       = 0
         sigma                    = 0
       z:
         E0                       = 0
         omega                    = 0
         t0                       = 0
         sigma                    = 0
grpopts:
   nrdf:          18
   ref-t:         300
   tau-t:         0.1
annealing:          No
annealing-npoints:           0
   acc:	           0           0           0
   nfreeze:           N           N           N
   energygrp-flags[  0]: 0


Using 1 MPI thread

Pinning threads with an auto-selected logical core stride of 2

NOTE: This file uses the deprecated 'group' cutoff_scheme. This will be
removed in a future release when 'verlet' supports all interaction forms.

System total charge: 0.000
Potential shift: LJ r^-12: -1.764e-02 r^-6: -1.328e-01, Coulomb -7e-01
Table routines are used for coulomb: false
Table routines are used for vdw:     false
Cut-off's:   NS: 1.6   Coulomb: 1.4   LJ: 1.4


Initializing LINear Constraint Solver

++++ PLEASE READ AND CITE THE FOLLOWING REFERENCE ++++
B. Hess and H. Bekker and H. J. C. Berendsen and J. G. E. M. Fraaije
LINCS: A Linear Constraint Solver for molecular simulations
J. Comp. Chem. 18 (1997) pp. 1463-1472
-------- -------- --- Thank You --- -------- --------

The number of constraints is 12
Intra-simulation communication will occur every 10 steps.
Center of mass motion removal mode is Angular
We have the following groups for center of mass motion removal:
  0:  rest

++++ PLEASE READ AND CITE THE FOLLOWING REFERENCE ++++
G. Bussi, D. Donadio and M. Parrinello
Canonical sampling through velocity rescaling
J. Chem. Phys. 126 (2007) pp. 014101
-------- -------- --- Thank You --- -------- --------

There are: 12 Atoms

Constraining the starting coordinates (step 0)

Constraining the coordinates at t0-dt (step 0)
Group rest with mass  9.21410e+01, Ekrot  4.84843e+00 Det(I) =  1.67102e-04
  COM:      1.54163       1.49619       1.50037
  P:       -0.00000      -0.00000       0.00000
  V:       -0.00000      -0.00000       0.00000
  J:        1.08064      -3.96535      -2.43299
  w:        1.45207      -1.45823      -0.96396
Inertia tensor (3x3):
   Inertia tensor[    0]={ 1.90623e+00, -1.43951e-01, -6.45447e-03}
   Inertia tensor[    1]={-1.43951e-01,  1.46713e-01, -3.17780e-01}
   Inertia tensor[    2]={-6.45447e-03, -3.17780e-01,  7.46338e-01}
RMS relative constraint deviation after constraining: 1.93e-05
Initial temperature: 344.97 K

Started mdrun on rank 0 Mon Aug 13 18:14:32 2018
           Step           Time
              0        0.00000

Note: The available nonbonded kernels do not support water optimization - disabling.

   Energies (kJ/mol)
       G96Angle  Improper Dih.        LJ (SR)   Coulomb (SR)      Potential
    7.03807e-02    1.08346e-01   -1.25927e+00    4.29009e+00    3.20955e+00
    Kinetic En.   Total Energy  Conserved En.    Temperature Pressure (bar)
    2.57255e+01    2.89351e+01    2.89351e+01    3.43786e+02    0.00000e+00
   Constr. rmsd
    1.34510e-05

           Step           Time
          10000       20.00000

   Energies (kJ/mol)
       G96Angle  Improper Dih.        LJ (SR)   Coulomb (SR)      Potential
    7.26440e+00    7.91659e+00   -1.28327e+00    4.43430e+00    1.83320e+01
    Kinetic En.   Total Energy  Conserved En.    Temperature Pressure (bar)
    2.70553e+01    4.53873e+01    3.26623e+01    3.61556e+02    0.00000e+00
   Constr. rmsd
    1.03388e-05

           Step           Time
          20000       40.00000

   Energies (kJ/mol)
       G96Angle  Improper Dih.        LJ (SR)   Coulomb (SR)      Potential
    9.10860e+00    7.82659e+00   -1.27971e+00    4.47701e+00    2.01325e+01
    Kinetic En.   Total Energy  Conserved En.    Temperature Pressure (bar)
    1.35290e+01    3.36615e+01    3.31844e+01    1.80796e+02    0.00000e+00
   Constr. rmsd
    6.08610e-06

           Step           Time
          30000       60.00000

   Energies (kJ/mol)
       G96Angle  Improper Dih.        LJ (SR)   Coulomb (SR)      Potential
    7.19712e+00    7.83215e+00   -1.28355e+00    4.32932e+00    1.80750e+01
    Kinetic En.   Total Energy  Conserved En.    Temperature Pressure (bar)
    2.52867e+01    4.33617e+01    3.24687e+01    3.37921e+02    0.00000e+00
   Constr. rmsd
    9.76116e-06

           Step           Time
          40000       80.00000

   Energies (kJ/mol)
       G96Angle  Improper Dih.        LJ (SR)   Coulomb (SR)      Potential
    1.93041e+01    1.13230e+01   -1.29662e+00    4.19346e+00    3.35239e+01
    Kinetic En.   Total Energy  Conserved En.    Temperature Pressure (bar)
    1.70191e+01    5.05430e+01    4.01560e+01    2.27436e+02    0.00000e+00
   Constr. rmsd
    5.20077e-06

           Step           Time
          50000      100.00000

   Energies (kJ/mol)
       G96Angle  Improper Dih.        LJ (SR)   Coulomb (SR)      Potential
    1.05522e+01    7.33755e+00   -1.28647e+00    4.25836e+00    2.08616e+01
    Kinetic En.   Total Energy  Conserved En.    Temperature Pressure (bar)
    3.33023e+01    5.41639e+01    4.31188e+01    4.45039e+02    0.00000e+00
   Constr. rmsd
    1.23076e-05

           Step           Time
          60000      120.00000

   Energies (kJ/mol)
       G96Angle  Improper Dih.        LJ (SR)   Coulomb (SR)      Potential
    1.17710e+01    7.06557e+00   -1.28089e+00    4.28941e+00    2.18450e+01
    Kinetic En.   Total Energy  Conserved En.    Temperature Pressure (bar)
    3.67964e+01    5.86415e+01    4.86499e+01    4.91733e+02    0.00000e+00
   Constr. rmsd
    1.96717e-05

           Step           Time
          70000      140.00000

   Energies (kJ/mol)
       G96Angle  Improper Dih.        LJ (SR)   Coulomb (SR)      Potential
    7.90540e+00    1.42204e+01   -1.28653e+00    4.57560e+00    2.54149e+01
    Kinetic En.   Total Energy  Conserved En.    Temperature Pressure (bar)
    2.70579e+01    5.24728e+01    6.01626e+01    3.61591e+02    0.00000e+00
   Constr. rmsd
    1.67498e-05

           Step           Time
          80000      160.00000

   Energies (kJ/mol)
       G96Angle  Improper Dih.        LJ (SR)   Coulomb (SR)      Potential
    1.55407e+01    6.13946e+00   -1.25762e+00    4.26028e+00    2.46828e+01
    Kinetic En.   Total Energy  Conserved En.    Temperature Pressure (bar)
    2.54777e+01    5.01605e+01    5.84825e+01    3.40474e+02    0.00000e+00
   Constr. rmsd
    1.85823e-05

           Step           Time
          90000      180.00000

   Energies (kJ/mol)
       G96Angle  Improper Dih.        LJ (SR)   Coulomb (SR)      Potential
    1.93894e+01    1.14624e+01   -1.29586e+00    4.26096e+00    3.38169e+01
    Kinetic En.   Total Energy  Conserved En.    Temperature Pressure (bar)
    1.85585e+01    5.23754e+01    5.32597e+01    2.48008e+02    0.00000e+00
   Constr. rmsd
    6.84995e-06

           Step           Time
         100000      200.00000

Writing checkpoint, step 100000 at Mon Aug 13 18:14:33 2018


   Energies (kJ/mol)
       G96Angle  Improper Dih.        LJ (SR)   Coulomb (SR)      Potential
    2.29604e+00    5.83740e+00   -1.27396e+00    4.35223e+00    1.12117e+01
    Kinetic En.   Total Energy  Conserved En.    Temperature Pressure (bar)
    2.22207e+01    3.34324e+01    6.35441e+01    2.96948e+02    0.00000e+00
   Constr. rmsd
    1.34366e-05

	<======  ###############  ==>
	<====  A V E R A G E S  ====>
	<==  ###############  ======>

	Statistics over 100001 steps using 2001 frames

   Energies (kJ/mol)
       G96Angle  Improper Dih.        LJ (SR)   Coulomb (SR)      Potential
    1.18291e+01    1.01800e+01   -1.28551e+00    4.42153e+00    2.51451e+01
    Kinetic En.   Total Energy  Conserved En.    Temperature Pressure (bar)
    2.26671e+01    4.78122e+01    4.39504e+01    3.02913e+02    0.00000e+00
   Constr. rmsd
    0.00000e+00

   Total Virial (kJ/mol)
    5.88883e+00    2.77792e-01    6.59258e-01
    2.77785e-01    1.04011e+01    1.51662e+00
    6.59259e-01    1.51663e+00    6.51337e+00

   Pressure (bar)
    0.00000e+00    0.00000e+00    0.00000e+00
    0.00000e+00    0.00000e+00    0.00000e+00
    0.00000e+00    0.00000e+00    0.00000e+00


	M E G A - F L O P S   A C C O U N T I N G

 NB=Group-cutoff nonbonded kernels    NxN=N-by-N cluster Verlet kernels
 RF=Reaction-Field  VdW=Van der Waals  QSTab=quadratic-spline table
 W3=SPC/TIP3p  W4=TIP4p (single or pairs)
 V&F=Potential and force  V=Potential only  F=Force only

 Computing:                               M-Number         M-Flops  % Flops
-----------------------------------------------------------------------------
 NB Generic kernel                       88.200882          88.201    10.7
 NS-Pairs                                 0.000021           0.000     0.0
 CG-CoM                                   0.000012           0.000     0.0
 Angles                                   1.800018         302.403    36.6
 Impropers                                1.200012         249.602    30.2
 Virial                                   0.114057           2.053     0.2
 Stop-CM                                  0.024024           0.240     0.0
 Calc-Ekin                                0.240024           6.481     0.8
 Lincs                                    1.200036          72.002     8.7
 Lincs-Mat                               21.600648          86.403    10.4
 Constraint-V                             2.400048          19.200     2.3
 Constraint-Vir                           0.024012           0.576     0.1
-----------------------------------------------------------------------------
 Total                                                     827.162   100.0
-----------------------------------------------------------------------------

WARNING: Using the slow generic C kernel. This is fine if you are
comparing different implementations or MD software. Routine
simulations should use a different non-bonded setup for much better
performance.


     R E A L   C Y C L E   A N D   T I M E   A C C O U N T I N G

On 1 MPI rank

 Computing:          Num   Num      Call    Wall time         Giga-Cycles
                     Ranks Threads  Count      (s)         total sum    %
-----------------------------------------------------------------------------
 Neighbor search        1    1          1       0.000          0.000   0.0
 Force                  1    1     100001       0.330          1.055  50.5
 Write traj.            1    1         11       0.011          0.035   1.7
 Update                 1    1     100001       0.091          0.289  13.9
 Constraints            1    1     100001       0.127          0.407  19.5
 Rest                                           0.094          0.301  14.4
-----------------------------------------------------------------------------
 Total                                          0.654          2.086 100.0
-----------------------------------------------------------------------------

               Core t (s)   Wall t (s)        (%)
       Time:        0.654        0.654      100.0
                 (ns/day)    (hour/ns)
Performance:    26438.164        0.001
Finished mdrun on rank 0 Mon Aug 13 18:14:33 2018
